<?xml version="1.0" encoding="UTF-8"?>
<!-- Generated by org.testng.reporters.JUnitReportReporter -->
<testsuite hostname="Harshithas-MacBook-Pro.local" name="com.wundergroundTests.SeleniumTests.RestApiTest" tests="3" failures="0" timestamp="2 May 2017 10:45:21 GMT" time="0.035" errors="0">
  <testcase name="checkDateInString" time="0.012" classname="com.wundergroundTests.SeleniumTests.RestApiTest"/>
  <testcase name="validateVersion" time="0.001" classname="com.wundergroundTests.SeleniumTests.RestApiTest"/>
  <testcase name="checkCtoFconversion" time="0.022" classname="com.wundergroundTests.SeleniumTests.RestApiTest"/>
</testsuite> <!-- com.wundergroundTests.SeleniumTests.RestApiTest -->
