<?xml version="1.0" encoding="UTF-8"?>
<!-- Generated by org.testng.reporters.JUnitReportReporter -->
<testsuite hostname="Harshithas-MacBook-Pro.local" name="com.wundergroundTests.SeleniumTests.CustomizeTabTests" tests="4" failures="0" timestamp="2 May 2017 10:51:30 GMT" time="98.705" errors="0">
  <testcase name="isPlotNeedleVisible" time="0.184" classname="com.wundergroundTests.SeleniumTests.CustomizeTabTests"/>
  <testcase name="isPlotNeedleVisibleWithValues" time="0.126" classname="com.wundergroundTests.SeleniumTests.CustomizeTabTests"/>
  <testcase name="checkIfCustomizeButtonIsDisplayed" time="0.055" classname="com.wundergroundTests.SeleniumTests.CustomizeTabTests"/>
  <testcase name="clickCustomizeAndCheckForOverlay" time="98.340" classname="com.wundergroundTests.SeleniumTests.CustomizeTabTests"/>
</testsuite> <!-- com.wundergroundTests.SeleniumTests.CustomizeTabTests -->
