<?xml version="1.0" encoding="UTF-8"?>
<!-- Generated by org.testng.reporters.JUnitReportReporter -->
<testsuite hostname="Harshithas-MacBook-Pro.local" name="com.wundergroundTests.SeleniumTests.HistoryTabTests" tests="3" failures="0" timestamp="2 May 2017 10:47:39 GMT" time="18.170" errors="0">
  <testcase name="checkHistoryTabIsDisplayed" time="2.353" classname="com.wundergroundTests.SeleniumTests.HistoryTabTests"/>
  <testcase name="clickHistoryTabVerifyUsingTitle" time="7.767" classname="com.wundergroundTests.SeleniumTests.HistoryTabTests"/>
  <testcase name="clickHistoryTabVerifyUsingFrame" time="8.050" classname="com.wundergroundTests.SeleniumTests.HistoryTabTests"/>
</testsuite> <!-- com.wundergroundTests.SeleniumTests.HistoryTabTests -->
