<?xml version="1.0" encoding="UTF-8"?>
<!-- Generated by org.testng.reporters.JUnitReportReporter -->
<testsuite hostname="Harshithas-MacBook-Pro.local" name="com.wundergroundTests.SeleniumTests.GetCSSValues" tests="3" failures="0" timestamp="1 May 2017 22:49:36 GMT" time="0.156" errors="0">
  <testcase name="getCssValue_ButtonFontSize" time="0.027" classname="com.wundergroundTests.SeleniumTests.GetCSSValues"/>
  <testcase name="getCssValue_ButtonFontWeight" time="0.023" classname="com.wundergroundTests.SeleniumTests.GetCSSValues"/>
  <testcase name="getCssValue_ButtonColor" time="0.106" classname="com.wundergroundTests.SeleniumTests.GetCSSValues"/>
</testsuite> <!-- com.wundergroundTests.SeleniumTests.GetCSSValues -->
